[0722/204532.646:ERROR:process_reader_win.cc(151)] SuspendThread: Access is denied. (0x5)
[0722/204532.647:ERROR:exception_snapshot_win.cc(98)] thread ID 9720 not found in process
[0722/204532.647:ERROR:scoped_process_suspend.cc(40)] NtResumeProcess: An attempt was made to access an exiting process. (0xc000010a)
[0726/205649.510:ERROR:process_reader_win.cc(188)] ResumeThread: The parameter is incorrect. (0x57)
[0726/205649.518:ERROR:process_reader_win.cc(151)] SuspendThread: Access is denied. (0x5)
[0726/205649.518:ERROR:process_reader_win.cc(151)] SuspendThread: Access is denied. (0x5)
[0726/205649.518:ERROR:process_reader_win.cc(123)] NtOpenThread: An invalid Client ID was specified. (0xc000000b)
[0726/205649.518:ERROR:process_reader_win.cc(151)] SuspendThread: Access is denied. (0x5)
[0726/205649.518:ERROR:process_reader_win.cc(151)] SuspendThread: Access is denied. (0x5)
[0726/205649.518:ERROR:process_reader_win.cc(151)] SuspendThread: Access is denied. (0x5)
[0726/205649.518:ERROR:process_reader_win.cc(151)] SuspendThread: Access is denied. (0x5)
[0726/205649.518:ERROR:process_reader_win.cc(151)] SuspendThread: Access is denied. (0x5)
[0726/205649.518:ERROR:process_reader_win.cc(151)] SuspendThread: Access is denied. (0x5)
[0726/205649.518:ERROR:process_reader_win.cc(151)] SuspendThread: Access is denied. (0x5)
[0726/205649.518:ERROR:process_reader_win.cc(151)] SuspendThread: Access is denied. (0x5)
[0726/205649.518:ERROR:exception_snapshot_win.cc(98)] thread ID 6732 not found in process
[0726/205649.519:ERROR:scoped_process_suspend.cc(40)] NtResumeProcess: An attempt was made to access an exiting process. (0xc000010a)
[0727/125734.043:ERROR:process_reader_win.cc(151)] SuspendThread: Access is denied. (0x5)
[0727/125734.058:ERROR:process_reader_win.cc(151)] SuspendThread: Access is denied. (0x5)
[0727/125734.058:ERROR:process_reader_win.cc(123)] NtOpenThread: An invalid Client ID was specified. (0xc000000b)
[0727/125734.058:ERROR:process_reader_win.cc(123)] NtOpenThread: An invalid Client ID was specified. (0xc000000b)
[0727/125734.058:ERROR:process_reader_win.cc(123)] NtOpenThread: An invalid Client ID was specified. (0xc000000b)
[0727/125734.058:ERROR:process_reader_win.cc(123)] NtOpenThread: An invalid Client ID was specified. (0xc000000b)
[0727/125734.058:ERROR:process_reader_win.cc(123)] NtOpenThread: An invalid Client ID was specified. (0xc000000b)
[0727/125734.058:ERROR:process_reader_win.cc(123)] NtOpenThread: An invalid Client ID was specified. (0xc000000b)
[0727/125734.058:ERROR:exception_snapshot_win.cc(98)] thread ID 7844 not found in process
[0727/125734.058:ERROR:scoped_process_suspend.cc(40)] NtResumeProcess: An attempt was made to access an exiting process. (0xc000010a)
